  CApplication.cpp
  CBlock.cpp
  CBullet.cpp
  CCamera.cpp
  CCharacer3.cpp
  CCharacter.cpp
  CCharacterManager.cpp
  CCollisionManager.cpp
  CEnemy.cpp
  CEnemy2.cpp
  CFont.cpp
  CGame.cpp
  CMaterial.cpp
  CModel.cpp
C:\Users\tukih\Desktop\Git\03Kaihara\3DLv1_vs2019_00\GameProgramming\src\CModel.cpp(235,18): warning C4018: '<': signed と unsigned の数値を比較しようとしました。
C:\Users\tukih\Desktop\Git\03Kaihara\3DLv1_vs2019_00\GameProgramming\src\CModel.cpp(246,20): warning C4018: '<': signed と unsigned の数値を比較しようとしました。
C:\Users\tukih\Desktop\Git\03Kaihara\3DLv1_vs2019_00\GameProgramming\src\CModel.cpp(259,20): warning C4018: '<': signed と unsigned の数値を比較しようとしました。
C:\Users\tukih\Desktop\Git\03Kaihara\3DLv1_vs2019_00\GameProgramming\src\CModel.cpp(261,21): warning C4018: '<': signed と unsigned の数値を比較しようとしました。
  CCollider.cpp
  CPlayer.cpp
C:\Users\tukih\Desktop\Git\03Kaihara\3DLv1_vs2019_00\GameProgramming\src\CPlayer.cpp(5,1): warning C4005: 'VELOCITY': マクロが再定義されました。
C:\Users\tukih\Desktop\Git\03Kaihara\3DLv1_vs2019_00\GameProgramming\src\CCharacter.h(6): message : 'VELOCITY' の以前の定義を確認してください
  CPlayer2.cpp
  CPoint.cpp
  CRectangle.cpp
  CSound.cpp
  コードを生成中...
  コンパイル中...
  CTaskManager.cpp
  CTexture.cpp
  CInput.cpp
  CTriangle.cpp
  CUi.cpp
  CVector.cpp
  main.cpp
  CMatrix.cpp
C:\Users\tukih\Desktop\Git\03Kaihara\3DLv1_vs2019_00\GameProgramming\src\CMatrix.cpp(45,12): warning C4244: '初期化中': 'double' から 'float' への変換です。データが失われる可能性があります。
C:\Users\tukih\Desktop\Git\03Kaihara\3DLv1_vs2019_00\GameProgramming\src\CMatrix.cpp(49,27): warning C4244: '=': 'double' から 'float' への変換です。データが失われる可能性があります。
C:\Users\tukih\Desktop\Git\03Kaihara\3DLv1_vs2019_00\GameProgramming\src\CMatrix.cpp(60,12): warning C4244: '初期化中': 'double' から 'float' への変換です。データが失われる可能性があります。
C:\Users\tukih\Desktop\Git\03Kaihara\3DLv1_vs2019_00\GameProgramming\src\CMatrix.cpp(75,12): warning C4244: '初期化中': 'double' から 'float' への変換です。データが失われる可能性があります。
  CTransform.cpp
  コードを生成中...
LINK : warning LNK4098: defaultlib 'MSVCRT' は他のライブラリの使用と競合しています。/NODEFAULTLIB:library を使用してください。
LINK : warning LNK4098: defaultlib 'LIBCMT' は他のライブラリの使用と競合しています。/NODEFAULTLIB:library を使用してください。
  GameProgramming.vcxproj -> C:\Users\tukih\Desktop\Git\03Kaihara\3DLv1_vs2019_00\Debug\GameProgramming.exe
